[2J[01;01H[=3h[2J[01;01H[2J[01;01H[=3h[2J[01;01H[2J[01;01H[=3h[2J[01;01HBdsDxe: loading Boot0001 "UEFI QEMU HARDDISK QM00001 " from PciRoot(0x0)/Pci(0x1F,0x2)/Sata(0x0,0xFFFF,0x0)
BdsDxe: starting Boot0001 "UEFI QEMU HARDDISK QM00001 " from PciRoot(0x0)/Pci(0x1F,0x2)/Sata(0x0,0xFFFF,0x0)
[BOOT] Loading kernel...
[BOOT]  Alloc 0x0000000002000000 (19 pages)
[BOOT]  Alloc 0x0000000002013000 (1 pages)
[BOOT]  Alloc 0x0000000002014000 (1 pages)
[BOOT]  Alloc 0x0000000002015000 (1356 pages)
[BOOT] Kernel loaded OK
[UEFI] SystemTable & protocols initialized
[BOOT] Crystal topology frozen
[CPU] Init GDT/TSS...
[CPU] rsp0/ist1...
[CPU] GDT slots filled
[CPU] TSS descriptor built
[CPU] LGDT...
[CPU] LGDT done. Reload segment regs...
[CPU] Segment regs reloaded. LTR...
[CPU] LTR done.
[CPU] OK
[IDT] Init interrupt descriptor table...
[IDT] OK
[SYS] Init process table...
[SYS] OK
[SYS] Init SYSCALL/SYSRET...
[SYS] OK
[KBD] Init UEFI keyboard...
[KBD] OK
[SYS] Console ready. Halting for debug.
